{
  "RSpec": {
    "coverage": {
      "K:/JetRuby-Academy-Projects/academy-practice/lesson-7/Lab_checker/app/helpers/application_helper.rb": {
        "lines": [
          1,
          null
        ]
      },
      "K:/JetRuby-Academy-Projects/academy-practice/lesson-7/Lab_checker/app/helpers/lab_reports_helper.rb": {
        "lines": [
          1,
          null
        ]
      },
      "K:/JetRuby-Academy-Projects/academy-practice/lesson-7/Lab_checker/app/helpers/users_helper.rb": {
        "lines": [
          1,
          null
        ]
      },
      "K:/JetRuby-Academy-Projects/academy-practice/lesson-7/Lab_checker/app/controllers/lab_reports_controller.rb": {
        "lines": [
          1,
          1,
          null,
          null,
          1,
          2,
          null,
          null,
          null,
          1,
          null,
          null,
          null,
          1,
          1,
          null,
          null,
          null,
          1,
          null,
          null,
          null,
          1,
          2,
          null,
          2,
          2,
          2,
          1,
          null,
          2,
          1,
          null,
          null,
          null,
          null,
          null,
          1,
          0,
          0,
          0,
          0,
          null,
          0,
          0,
          null,
          null,
          null,
          null,
          null,
          1,
          2,
          null,
          2,
          4,
          2,
          null,
          null,
          null,
          1,
          null,
          1,
          3,
          null,
          null,
          null,
          1,
          2,
          null,
          null
        ]
      },
      "K:/JetRuby-Academy-Projects/academy-practice/lesson-7/Lab_checker/app/controllers/application_controller.rb": {
        "lines": [
          1,
          null,
          1,
          null
        ]
      },
      "K:/JetRuby-Academy-Projects/academy-practice/lesson-7/Lab_checker/app/controllers/users_controller.rb": {
        "lines": [
          1,
          1,
          null,
          null,
          1,
          2,
          null,
          null,
          null,
          1,
          null,
          null,
          null,
          1,
          1,
          null,
          null,
          null,
          1,
          null,
          null,
          null,
          1,
          2,
          null,
          2,
          2,
          2,
          1,
          null,
          2,
          1,
          null,
          null,
          null,
          null,
          null,
          1,
          0,
          0,
          0,
          0,
          null,
          0,
          0,
          null,
          null,
          null,
          null,
          null,
          1,
          2,
          null,
          2,
          4,
          2,
          null,
          null,
          null,
          1,
          null,
          1,
          3,
          null,
          null,
          null,
          1,
          2,
          null,
          null
        ]
      },
      "K:/JetRuby-Academy-Projects/academy-practice/lesson-7/Lab_checker/app/models/lab_report.rb": {
        "lines": [
          1,
          1,
          null,
          1,
          1,
          1,
          null
        ]
      },
      "K:/JetRuby-Academy-Projects/academy-practice/lesson-7/Lab_checker/app/models/application_record.rb": {
        "lines": [
          1,
          1,
          null
        ]
      },
      "K:/JetRuby-Academy-Projects/academy-practice/lesson-7/Lab_checker/app/models/user.rb": {
        "lines": [
          1,
          1,
          null,
          1,
          1,
          1,
          null
        ]
      },
      "K:/JetRuby-Academy-Projects/academy-practice/lesson-7/Lab_checker/app/channels/application_cable/channel.rb": {
        "lines": [
          null,
          null,
          null,
          null,
          null,
          null
        ],
        "branches": {
        }
      },
      "K:/JetRuby-Academy-Projects/academy-practice/lesson-7/Lab_checker/app/channels/application_cable/connection.rb": {
        "lines": [
          null,
          null,
          null,
          null,
          null,
          null
        ],
        "branches": {
        }
      },
      "K:/JetRuby-Academy-Projects/academy-practice/lesson-7/Lab_checker/app/jobs/application_job.rb": {
        "lines": [
          null,
          null,
          null,
          null,
          null,
          null,
          null,
          null,
          null
        ],
        "branches": {
        }
      },
      "K:/JetRuby-Academy-Projects/academy-practice/lesson-7/Lab_checker/app/mailers/application_mailer.rb": {
        "lines": [
          null,
          null,
          null,
          null,
          null,
          null
        ],
        "branches": {
        }
      }
    },
    "timestamp": 1718282488
  }
}
